<?xml version="1.0" encoding="UTF-8"?>
<!-- Generated by org.testng.reporters.JUnitReportReporter -->
<testsuite hostname="XAV-101000616" name="com.xavient.test.script.Test_View15" tests="1" failures="0" timestamp="19 Dec 2016 10:38:38 GMT" time="3.182" errors="0">
  <testcase name="view3_validate_table_data" time="3.182" classname="com.xavient.test.script.Test_View15"/>
</testsuite> <!-- com.xavient.test.script.Test_View15 -->
