<?xml version="1.0" encoding="UTF-8"?>
<!-- Generated by org.testng.reporters.JUnitReportReporter -->
<testsuite hostname="XAV-101000616" name="com.xavient.test.script.Test_View3" tests="1" failures="0" timestamp="19 Dec 2016 10:32:46 GMT" time="31.218" errors="0">
  <testcase name="view3_validate_piechart_data" time="31.218" classname="com.xavient.test.script.Test_View3"/>
</testsuite> <!-- com.xavient.test.script.Test_View3 -->
